<?xml version="1.0" encoding="UTF-8"?>
<robot generator="Robot 3.2.1 (Python 3.8.3 on win32)" generated="20200629 21:57:59.299" rpa="false">
<suite id="s1" name="Home" source="D:\repository\robot-appium\home.robot">
<test id="s1-t1" name="Deve abrir a tela principal">
<kw name="Open Application" library="AppiumLibrary">
<doc>Opens a new application to given Appium server.
Capabilities of appium server, Android and iOS,
Please check https://github.com/appium/appium/blob/master/docs/en/writing-running-appium/server-args.md
| *Option*            | *Man.* | *Description*     |
| remote_url          | Yes    | Appium server url |
| alias               | no     | alias             |</doc>
<arguments>
<arg>http://localhost:4723/wd/hub</arg>
<arg>automationName=UiAutomator2</arg>
<arg>platformName=Android</arg>
<arg>deviceName=Emulator</arg>
<arg>app=${EXECDIR}/app/twp.apk</arg>
<arg>udid=emulator-5554</arg>
</arguments>
<status status="PASS" starttime="20200629 21:57:59.500" endtime="20200629 21:58:11.342"></status>
</kw>
<kw name="Wait Until Page Contains" library="AppiumLibrary">
<doc>Waits until `text` appears on current page.</doc>
<arguments>
<arg>Training Wheels Protocol</arg>
<arg>15</arg>
</arguments>
<status status="PASS" starttime="20200629 21:58:11.342" endtime="20200629 21:58:15.644"></status>
</kw>
<kw name="Wait Until Page Contains" library="AppiumLibrary">
<doc>Waits until `text` appears on current page.</doc>
<arguments>
<arg>Mobile Version</arg>
</arguments>
<status status="PASS" starttime="20200629 21:58:15.644" endtime="20200629 21:58:15.723"></status>
</kw>
<kw name="Close Application" library="AppiumLibrary">
<doc>Closes the current application and also close webdriver session.</doc>
<status status="PASS" starttime="20200629 21:58:15.724" endtime="20200629 21:58:16.415"></status>
</kw>
<status status="PASS" starttime="20200629 21:57:59.499" endtime="20200629 21:58:16.424" critical="yes"></status>
</test>
<status status="PASS" starttime="20200629 21:57:59.300" endtime="20200629 21:58:16.442"></status>
</suite>
<statistics>
<total>
<stat pass="1" fail="0">Critical Tests</stat>
<stat pass="1" fail="0">All Tests</stat>
</total>
<tag>
</tag>
<suite>
<stat pass="1" fail="0" id="s1" name="Home">Home</stat>
</suite>
</statistics>
<errors>
</errors>
</robot>
